0 info it worked if it ends with ok
1 verbose cli [ 'node', '/usr/bin/npm', 'install', 'lessc' ]
2 info using npm@1.3.6
3 info using node@v0.10.36
4 verbose cache add [ 'lessc', null ]
5 verbose cache add name=undefined spec="lessc" args=["lessc",null]
6 verbose parsed url { protocol: null,
6 verbose parsed url   slashes: null,
6 verbose parsed url   auth: null,
6 verbose parsed url   host: null,
6 verbose parsed url   port: null,
6 verbose parsed url   hostname: null,
6 verbose parsed url   hash: null,
6 verbose parsed url   search: null,
6 verbose parsed url   query: null,
6 verbose parsed url   pathname: 'lessc',
6 verbose parsed url   path: 'lessc',
6 verbose parsed url   href: 'lessc' }
7 silly lockFile 8b3a335c-lessc lessc
8 verbose lock lessc /home/joseph/.npm/8b3a335c-lessc.lock
9 silly lockFile 8b3a335c-lessc lessc
10 silly lockFile 8b3a335c-lessc lessc
11 verbose addNamed [ 'lessc', '' ]
12 verbose addNamed [ null, '*' ]
13 silly lockFile a47c36bc-lessc lessc@
14 verbose lock lessc@ /home/joseph/.npm/a47c36bc-lessc.lock
15 silly addNameRange { name: 'lessc', range: '*', hasData: false }
16 verbose url raw lessc
17 verbose url resolving [ 'https://registry.npmjs.org/', './lessc' ]
18 verbose url resolved https://registry.npmjs.org/lessc
19 info trying registry request attempt 1 at 21:37:40
20 http GET https://registry.npmjs.org/lessc
21 http 404 https://registry.npmjs.org/lessc
22 silly registry.get cb [ 404,
22 silly registry.get   { 'content-type': 'application/json',
22 silly registry.get     'cache-control': 'max-age=0',
22 silly registry.get     'content-length': '2',
22 silly registry.get     'accept-ranges': 'bytes',
22 silly registry.get     date: 'Tue, 06 Oct 2015 01:37:40 GMT',
22 silly registry.get     via: '1.1 varnish',
22 silly registry.get     age: '0',
22 silly registry.get     connection: 'keep-alive',
22 silly registry.get     'x-served-by': 'cache-iad2138-IAD',
22 silly registry.get     'x-cache': 'MISS',
22 silly registry.get     'x-cache-hits': '0',
22 silly registry.get     'x-timer': 'S1444095460.497948,VS0,VE91' } ]
23 silly addNameRange number 2 { name: 'lessc', range: '*', hasData: true }
24 silly addNameRange versions [ undefined, [] ]
25 error TypeError: Cannot read property 'latest' of undefined
25 error     at next (/usr/lib/node_modules/npm/lib/cache.js:687:35)
25 error     at /usr/lib/node_modules/npm/lib/cache.js:675:5
25 error     at saved (/usr/lib/node_modules/npm-registry-client/lib/get.js:148:7)
25 error     at /usr/lib/node_modules/graceful-fs/polyfills.js:133:7
25 error     at Object.oncomplete (fs.js:108:15)
26 error If you need help, you may report this log at:
26 error     <http://github.com/isaacs/npm/issues>
26 error or email it to:
26 error     <npm-@googlegroups.com>
27 error System Linux 4.1.4-100.fc21.x86_64
28 error command "node" "/usr/bin/npm" "install" "lessc"
29 error cwd /home/joseph/dev/saii2
30 error node -v v0.10.36
31 error npm -v 1.3.6
32 error type non_object_property_load
33 verbose exit [ 1, true ]
